{"contracts/VizionCollection.sol":{"l":{"13":5,"14":4,"18":6,"19":6,"25":2,"26":1,"30":4,"31":4,"32":4,"36":5},"path":"/home/yann/formation-alyra/vizion/hardhat/contracts/VizionCollection.sol","s":{"1":5,"2":2,"3":1,"4":4},"b":{"1":[4,1],"2":[1,1],"3":[4,1],"4":[5,1]},"f":{"1":5,"2":6,"3":2,"4":4,"5":5},"fnMap":{"1":{"name":"onlyMinter","line":12,"loc":{"start":{"line":12,"column":4},"end":{"line":15,"column":4}}},"2":{"name":"constructor","line":17,"loc":{"start":{"line":17,"column":4},"end":{"line":20,"column":4}}},"3":{"name":"tokenURI","line":22,"loc":{"start":{"line":22,"column":4},"end":{"line":27,"column":4}}},"4":{"name":"mint","line":29,"loc":{"start":{"line":29,"column":4},"end":{"line":33,"column":4}}},"5":{"name":"setMinter","line":35,"loc":{"start":{"line":35,"column":4},"end":{"line":37,"column":4}}}},"statementMap":{"1":{"start":{"line":13,"column":8},"end":{"line":13,"column":77}},"2":{"start":{"line":25,"column":8},"end":{"line":25,"column":58}},"3":{"start":{"line":26,"column":8},"end":{"line":26,"column":62}},"4":{"start":{"line":32,"column":8},"end":{"line":32,"column":37}}},"branchMap":{"1":{"line":13,"type":"if","locations":[{"start":{"line":13,"column":8},"end":{"line":13,"column":8}},{"start":{"line":13,"column":8},"end":{"line":13,"column":8}}]},"2":{"line":25,"type":"if","locations":[{"start":{"line":25,"column":8},"end":{"line":25,"column":8}},{"start":{"line":25,"column":8},"end":{"line":25,"column":8}}]},"3":{"line":29,"type":"if","locations":[{"start":{"line":29,"column":50},"end":{"line":29,"column":50}},{"start":{"line":29,"column":50},"end":{"line":29,"column":50}}]},"4":{"line":35,"type":"if","locations":[{"start":{"line":35,"column":49},"end":{"line":35,"column":49}},{"start":{"line":35,"column":49},"end":{"line":35,"column":49}}]}}},"contracts/VizionGouvernance.sol":{"l":{"50":3,"51":3,"52":3,"53":3,"54":3,"55":3,"56":3,"57":3,"58":3,"59":3,"60":3,"72":7,"73":7,"74":1,"76":5,"78":1,"80":0,"88":1,"89":1,"90":1,"91":1,"92":1,"93":1,"94":1,"95":1,"96":1,"105":5,"106":5,"107":5,"108":5,"109":5,"118":1,"121":1,"125":15,"126":14,"130":13,"131":13,"132":12,"133":12,"134":12,"135":12,"136":12,"138":12,"142":2,"147":27,"148":3,"153":7,"158":16,"160":1,"165":3,"167":3,"168":0,"170":1,"176":1,"181":1,"185":1,"189":12,"196":12},"path":"/home/yann/formation-alyra/vizion/hardhat/contracts/VizionGouvernance.sol","s":{"1":3,"2":3,"3":7,"4":7,"5":1,"6":6,"7":5,"8":1,"9":1,"10":0,"11":1,"12":1,"13":1,"14":5,"15":5,"16":1,"17":1,"18":15,"19":14,"20":13,"21":13,"22":12,"23":12,"24":12,"25":27,"26":24,"27":17,"28":3,"29":3,"30":3,"31":2,"32":12,"33":12},"b":{"1":[1,6],"2":[5,1],"3":[1,0],"4":[14,1],"5":[13,1],"6":[12,1],"7":[2,10],"8":[3,24],"9":[7,17],"10":[16,1],"11":[0,3],"12":[1,2],"13":[1,1],"14":[1,1],"15":[1,1]},"f":{"1":3,"2":7,"3":1,"4":5,"5":1,"6":15,"7":27,"8":3,"9":1,"10":1,"11":12,"12":12},"fnMap":{"1":{"name":"constructor","line":45,"loc":{"start":{"line":45,"column":4},"end":{"line":66,"column":4}}},"2":{"name":"addProposal","line":68,"loc":{"start":{"line":68,"column":4},"end":{"line":82,"column":4}}},"3":{"name":"initAndAdd","line":84,"loc":{"start":{"line":84,"column":4},"end":{"line":102,"column":4}}},"4":{"name":"add","line":104,"loc":{"start":{"line":104,"column":4},"end":{"line":115,"column":4}}},"5":{"name":"mintLastWinner","line":117,"loc":{"start":{"line":117,"column":4},"end":{"line":122,"column":4}}},"6":{"name":"vote","line":124,"loc":{"start":{"line":124,"column":4},"end":{"line":144,"column":4}}},"7":{"name":"getWorkflowStatus","line":146,"loc":{"start":{"line":146,"column":4},"end":{"line":162,"column":4}}},"8":{"name":"getBlockLeft","line":164,"loc":{"start":{"line":164,"column":4},"end":{"line":178,"column":4}}},"9":{"name":"setCreationPeriod","line":180,"loc":{"start":{"line":180,"column":4},"end":{"line":182,"column":4}}},"10":{"name":"setVotingPeriod","line":184,"loc":{"start":{"line":184,"column":4},"end":{"line":186,"column":4}}},"11":{"name":"getVotingPower","line":188,"loc":{"start":{"line":188,"column":4},"end":{"line":190,"column":4}}},"12":{"name":"getProposal","line":192,"loc":{"start":{"line":192,"column":4},"end":{"line":197,"column":4}}}},"statementMap":{"1":{"start":{"line":57,"column":8},"end":{"line":57,"column":46}},"2":{"start":{"line":60,"column":8},"end":{"line":60,"column":1698}},"3":{"start":{"line":72,"column":8},"end":{"line":72,"column":51}},"4":{"start":{"line":73,"column":8},"end":{"line":73,"column":2016}},"5":{"start":{"line":74,"column":12},"end":{"line":74,"column":46}},"6":{"start":{"line":75,"column":15},"end":{"line":75,"column":2125}},"7":{"start":{"line":76,"column":12},"end":{"line":76,"column":39}},"8":{"start":{"line":77,"column":15},"end":{"line":77,"column":2226}},"9":{"start":{"line":78,"column":12},"end":{"line":78,"column":65}},"10":{"start":{"line":80,"column":12},"end":{"line":80,"column":58}},"11":{"start":{"line":88,"column":8},"end":{"line":88,"column":23}},"12":{"start":{"line":92,"column":8},"end":{"line":92,"column":67}},"13":{"start":{"line":96,"column":8},"end":{"line":96,"column":2827}},"14":{"start":{"line":106,"column":8},"end":{"line":106,"column":67}},"15":{"start":{"line":109,"column":8},"end":{"line":109,"column":3229}},"16":{"start":{"line":118,"column":8},"end":{"line":118,"column":3424}},"17":{"start":{"line":121,"column":8},"end":{"line":121,"column":53}},"18":{"start":{"line":125,"column":8},"end":{"line":125,"column":61}},"19":{"start":{"line":126,"column":8},"end":{"line":126,"column":3719}},"20":{"start":{"line":130,"column":8},"end":{"line":130,"column":70}},"21":{"start":{"line":131,"column":8},"end":{"line":131,"column":78}},"22":{"start":{"line":132,"column":8},"end":{"line":132,"column":62}},"23":{"start":{"line":136,"column":8},"end":{"line":136,"column":62}},"24":{"start":{"line":138,"column":8},"end":{"line":138,"column":4266}},"25":{"start":{"line":147,"column":8},"end":{"line":147,"column":4546}},"26":{"start":{"line":149,"column":15},"end":{"line":149,"column":4684}},"27":{"start":{"line":154,"column":15},"end":{"line":154,"column":4875}},"28":{"start":{"line":165,"column":8},"end":{"line":165,"column":51}},"29":{"start":{"line":167,"column":8},"end":{"line":167,"column":5291}},"30":{"start":{"line":169,"column":15},"end":{"line":169,"column":5424}},"31":{"start":{"line":175,"column":15},"end":{"line":175,"column":5633}},"32":{"start":{"line":189,"column":8},"end":{"line":189,"column":16}},"33":{"start":{"line":196,"column":8},"end":{"line":196,"column":45}}},"branchMap":{"1":{"line":73,"type":"if","locations":[{"start":{"line":73,"column":8},"end":{"line":73,"column":8}},{"start":{"line":73,"column":8},"end":{"line":73,"column":8}}]},"2":{"line":75,"type":"if","locations":[{"start":{"line":75,"column":15},"end":{"line":75,"column":15}},{"start":{"line":75,"column":15},"end":{"line":75,"column":15}}]},"3":{"line":77,"type":"if","locations":[{"start":{"line":77,"column":15},"end":{"line":77,"column":15}},{"start":{"line":77,"column":15},"end":{"line":77,"column":15}}]},"4":{"line":125,"type":"if","locations":[{"start":{"line":125,"column":8},"end":{"line":125,"column":8}},{"start":{"line":125,"column":8},"end":{"line":125,"column":8}}]},"5":{"line":126,"type":"if","locations":[{"start":{"line":126,"column":8},"end":{"line":126,"column":8}},{"start":{"line":126,"column":8},"end":{"line":126,"column":8}}]},"6":{"line":131,"type":"if","locations":[{"start":{"line":131,"column":8},"end":{"line":131,"column":8}},{"start":{"line":131,"column":8},"end":{"line":131,"column":8}}]},"7":{"line":138,"type":"if","locations":[{"start":{"line":138,"column":8},"end":{"line":138,"column":8}},{"start":{"line":138,"column":8},"end":{"line":138,"column":8}}]},"8":{"line":147,"type":"if","locations":[{"start":{"line":147,"column":8},"end":{"line":147,"column":8}},{"start":{"line":147,"column":8},"end":{"line":147,"column":8}}]},"9":{"line":149,"type":"if","locations":[{"start":{"line":149,"column":15},"end":{"line":149,"column":15}},{"start":{"line":149,"column":15},"end":{"line":149,"column":15}}]},"10":{"line":154,"type":"if","locations":[{"start":{"line":154,"column":15},"end":{"line":154,"column":15}},{"start":{"line":154,"column":15},"end":{"line":154,"column":15}}]},"11":{"line":167,"type":"if","locations":[{"start":{"line":167,"column":8},"end":{"line":167,"column":8}},{"start":{"line":167,"column":8},"end":{"line":167,"column":8}}]},"12":{"line":169,"type":"if","locations":[{"start":{"line":169,"column":15},"end":{"line":169,"column":15}},{"start":{"line":169,"column":15},"end":{"line":169,"column":15}}]},"13":{"line":175,"type":"if","locations":[{"start":{"line":175,"column":15},"end":{"line":175,"column":15}},{"start":{"line":175,"column":15},"end":{"line":175,"column":15}}]},"14":{"line":180,"type":"if","locations":[{"start":{"line":180,"column":57},"end":{"line":180,"column":57}},{"start":{"line":180,"column":57},"end":{"line":180,"column":57}}]},"15":{"line":184,"type":"if","locations":[{"start":{"line":184,"column":55},"end":{"line":184,"column":55}},{"start":{"line":184,"column":55},"end":{"line":184,"column":55}}]}}}}