{"contracts/VizionCollection.sol":{"l":{"13":0,"14":0,"18":0,"19":0,"25":0,"26":0,"30":0,"31":0,"32":0,"36":0},"path":"/home/yann/formation-alyra/vizion/hardhat/contracts/VizionCollection.sol","s":{"1":0,"2":0,"3":0,"4":0},"b":{"1":[0,0],"2":[0,0],"3":[0,0],"4":[0,0]},"f":{"1":0,"2":0,"3":0,"4":0,"5":0},"fnMap":{"1":{"name":"onlyMinter","line":12,"loc":{"start":{"line":12,"column":4},"end":{"line":15,"column":4}}},"2":{"name":"constructor","line":17,"loc":{"start":{"line":17,"column":4},"end":{"line":20,"column":4}}},"3":{"name":"tokenURI","line":22,"loc":{"start":{"line":22,"column":4},"end":{"line":27,"column":4}}},"4":{"name":"mint","line":29,"loc":{"start":{"line":29,"column":4},"end":{"line":33,"column":4}}},"5":{"name":"setMinter","line":35,"loc":{"start":{"line":35,"column":4},"end":{"line":37,"column":4}}}},"statementMap":{"1":{"start":{"line":13,"column":8},"end":{"line":13,"column":77}},"2":{"start":{"line":25,"column":8},"end":{"line":25,"column":58}},"3":{"start":{"line":26,"column":8},"end":{"line":26,"column":62}},"4":{"start":{"line":32,"column":8},"end":{"line":32,"column":37}}},"branchMap":{"1":{"line":13,"type":"if","locations":[{"start":{"line":13,"column":8},"end":{"line":13,"column":8}},{"start":{"line":13,"column":8},"end":{"line":13,"column":8}}]},"2":{"line":25,"type":"if","locations":[{"start":{"line":25,"column":8},"end":{"line":25,"column":8}},{"start":{"line":25,"column":8},"end":{"line":25,"column":8}}]},"3":{"line":29,"type":"if","locations":[{"start":{"line":29,"column":50},"end":{"line":29,"column":50}},{"start":{"line":29,"column":50},"end":{"line":29,"column":50}}]},"4":{"line":35,"type":"if","locations":[{"start":{"line":35,"column":49},"end":{"line":35,"column":49}},{"start":{"line":35,"column":49},"end":{"line":35,"column":49}}]}}},"contracts/VizionGouvernance.sol":{"l":{"49":0,"50":0,"51":0,"52":0,"53":0,"54":0,"55":0,"56":0,"57":0,"58":0,"59":0,"71":0,"72":0,"73":0,"75":0,"77":0,"79":0,"87":0,"88":0,"89":0,"90":0,"91":0,"92":0,"93":0,"94":0,"95":0,"104":0,"105":0,"106":0,"107":0,"108":0,"117":0,"120":0,"124":0,"125":0,"129":0,"130":0,"131":0,"132":0,"133":0,"134":0,"135":0,"137":0,"141":0,"146":0,"147":0,"152":0,"157":0,"159":0,"164":0,"166":0,"167":0,"169":0,"175":0,"180":0,"184":0,"188":0,"195":0},"path":"/home/yann/formation-alyra/vizion/hardhat/contracts/VizionGouvernance.sol","s":{"1":0,"2":0,"3":0,"4":0,"5":0,"6":0,"7":0,"8":0,"9":0,"10":0,"11":0,"12":0,"13":0,"14":0,"15":0,"16":0,"17":0,"18":0,"19":0,"20":0,"21":0,"22":0,"23":0,"24":0,"25":0,"26":0,"27":0,"28":0,"29":0,"30":0,"31":0,"32":0,"33":0},"b":{"1":[0,0],"2":[0,0],"3":[0,0],"4":[0,0],"5":[0,0],"6":[0,0],"7":[0,0],"8":[0,0],"9":[0,0],"10":[0,0],"11":[0,0],"12":[0,0],"13":[0,0]},"f":{"1":0,"2":0,"3":0,"4":0,"5":0,"6":0,"7":0,"8":0,"9":0,"10":0,"11":0,"12":0},"fnMap":{"1":{"name":"constructor","line":44,"loc":{"start":{"line":44,"column":4},"end":{"line":65,"column":4}}},"2":{"name":"addProposal","line":67,"loc":{"start":{"line":67,"column":4},"end":{"line":81,"column":4}}},"3":{"name":"initAndAdd","line":83,"loc":{"start":{"line":83,"column":4},"end":{"line":101,"column":4}}},"4":{"name":"add","line":103,"loc":{"start":{"line":103,"column":4},"end":{"line":114,"column":4}}},"5":{"name":"mintLastWinner","line":116,"loc":{"start":{"line":116,"column":4},"end":{"line":121,"column":4}}},"6":{"name":"vote","line":123,"loc":{"start":{"line":123,"column":4},"end":{"line":143,"column":4}}},"7":{"name":"getWorkflowStatus","line":145,"loc":{"start":{"line":145,"column":4},"end":{"line":161,"column":4}}},"8":{"name":"getBlockLeft","line":163,"loc":{"start":{"line":163,"column":4},"end":{"line":177,"column":4}}},"9":{"name":"setChallengePeriod","line":179,"loc":{"start":{"line":179,"column":4},"end":{"line":181,"column":4}}},"10":{"name":"setVotingPeriod","line":183,"loc":{"start":{"line":183,"column":4},"end":{"line":185,"column":4}}},"11":{"name":"getVotingPower","line":187,"loc":{"start":{"line":187,"column":4},"end":{"line":189,"column":4}}},"12":{"name":"getProposal","line":191,"loc":{"start":{"line":191,"column":4},"end":{"line":196,"column":4}}}},"statementMap":{"1":{"start":{"line":56,"column":8},"end":{"line":56,"column":46}},"2":{"start":{"line":59,"column":8},"end":{"line":59,"column":1634}},"3":{"start":{"line":71,"column":8},"end":{"line":71,"column":51}},"4":{"start":{"line":72,"column":8},"end":{"line":72,"column":1952}},"5":{"start":{"line":73,"column":12},"end":{"line":73,"column":46}},"6":{"start":{"line":74,"column":15},"end":{"line":74,"column":2061}},"7":{"start":{"line":75,"column":12},"end":{"line":75,"column":39}},"8":{"start":{"line":76,"column":15},"end":{"line":76,"column":2162}},"9":{"start":{"line":77,"column":12},"end":{"line":77,"column":65}},"10":{"start":{"line":79,"column":12},"end":{"line":79,"column":58}},"11":{"start":{"line":87,"column":8},"end":{"line":87,"column":23}},"12":{"start":{"line":91,"column":8},"end":{"line":91,"column":67}},"13":{"start":{"line":95,"column":8},"end":{"line":95,"column":2763}},"14":{"start":{"line":105,"column":8},"end":{"line":105,"column":67}},"15":{"start":{"line":108,"column":8},"end":{"line":108,"column":3165}},"16":{"start":{"line":117,"column":8},"end":{"line":117,"column":3360}},"17":{"start":{"line":120,"column":8},"end":{"line":120,"column":53}},"18":{"start":{"line":124,"column":8},"end":{"line":124,"column":61}},"19":{"start":{"line":125,"column":8},"end":{"line":125,"column":3655}},"20":{"start":{"line":129,"column":8},"end":{"line":129,"column":70}},"21":{"start":{"line":130,"column":8},"end":{"line":130,"column":78}},"22":{"start":{"line":131,"column":8},"end":{"line":131,"column":62}},"23":{"start":{"line":135,"column":8},"end":{"line":135,"column":62}},"24":{"start":{"line":137,"column":8},"end":{"line":137,"column":4202}},"25":{"start":{"line":146,"column":8},"end":{"line":146,"column":4482}},"26":{"start":{"line":148,"column":15},"end":{"line":148,"column":4620}},"27":{"start":{"line":153,"column":15},"end":{"line":153,"column":4811}},"28":{"start":{"line":164,"column":8},"end":{"line":164,"column":51}},"29":{"start":{"line":166,"column":8},"end":{"line":166,"column":5227}},"30":{"start":{"line":168,"column":15},"end":{"line":168,"column":5360}},"31":{"start":{"line":174,"column":15},"end":{"line":174,"column":5569}},"32":{"start":{"line":188,"column":8},"end":{"line":188,"column":16}},"33":{"start":{"line":195,"column":8},"end":{"line":195,"column":45}}},"branchMap":{"1":{"line":72,"type":"if","locations":[{"start":{"line":72,"column":8},"end":{"line":72,"column":8}},{"start":{"line":72,"column":8},"end":{"line":72,"column":8}}]},"2":{"line":74,"type":"if","locations":[{"start":{"line":74,"column":15},"end":{"line":74,"column":15}},{"start":{"line":74,"column":15},"end":{"line":74,"column":15}}]},"3":{"line":76,"type":"if","locations":[{"start":{"line":76,"column":15},"end":{"line":76,"column":15}},{"start":{"line":76,"column":15},"end":{"line":76,"column":15}}]},"4":{"line":124,"type":"if","locations":[{"start":{"line":124,"column":8},"end":{"line":124,"column":8}},{"start":{"line":124,"column":8},"end":{"line":124,"column":8}}]},"5":{"line":125,"type":"if","locations":[{"start":{"line":125,"column":8},"end":{"line":125,"column":8}},{"start":{"line":125,"column":8},"end":{"line":125,"column":8}}]},"6":{"line":130,"type":"if","locations":[{"start":{"line":130,"column":8},"end":{"line":130,"column":8}},{"start":{"line":130,"column":8},"end":{"line":130,"column":8}}]},"7":{"line":137,"type":"if","locations":[{"start":{"line":137,"column":8},"end":{"line":137,"column":8}},{"start":{"line":137,"column":8},"end":{"line":137,"column":8}}]},"8":{"line":146,"type":"if","locations":[{"start":{"line":146,"column":8},"end":{"line":146,"column":8}},{"start":{"line":146,"column":8},"end":{"line":146,"column":8}}]},"9":{"line":148,"type":"if","locations":[{"start":{"line":148,"column":15},"end":{"line":148,"column":15}},{"start":{"line":148,"column":15},"end":{"line":148,"column":15}}]},"10":{"line":153,"type":"if","locations":[{"start":{"line":153,"column":15},"end":{"line":153,"column":15}},{"start":{"line":153,"column":15},"end":{"line":153,"column":15}}]},"11":{"line":166,"type":"if","locations":[{"start":{"line":166,"column":8},"end":{"line":166,"column":8}},{"start":{"line":166,"column":8},"end":{"line":166,"column":8}}]},"12":{"line":168,"type":"if","locations":[{"start":{"line":168,"column":15},"end":{"line":168,"column":15}},{"start":{"line":168,"column":15},"end":{"line":168,"column":15}}]},"13":{"line":174,"type":"if","locations":[{"start":{"line":174,"column":15},"end":{"line":174,"column":15}},{"start":{"line":174,"column":15},"end":{"line":174,"column":15}}]}}}}